<?xml version="1.0" encoding="UTF-8"?>
<!-- Generated by org.testng.reporters.JUnitXMLReporter -->
<testsuite ignored="2" hostname="Lenovo" failures="0" tests="2" name="Test1" time="168.769" errors="0" timestamp="2023-07-07T18:00:35 IST">
  <testcase classname="com.OnBuy.SubCategoryTest.TC_43_Create_Edit_Search_DeleteSubCategory_Test" name="createEditSearchSubCategory" time="49.883"/>
  <testcase classname="com.OnBuy.ProductTest.TC_36_CreateProductAndCheckInUserModuleTest" name="createProductAndCheckInUserModule" time="79.203"/>
  <testcase classname="onBuy_com.OSA.genericUtilities.BaseClass" name="@AfterSuite closeTheDB" time="0.0">
    <ignored/>
  </testcase> <!-- @AfterSuite closeTheDB -->
  <testcase classname="onBuy_com.OSA.genericUtilities.BaseClass" name="@BeforeSuite connectToDB" time="0.0">
    <ignored/>
  </testcase> <!-- @BeforeSuite connectToDB -->
</testsuite> <!-- Test1 -->
